Started GET "/" for 127.0.0.1 at 2023-01-09 13:14:38 +0100
  [1m[36mActiveRecord::SchemaMigration Pluck (0.8ms)[0m  [1m[34mSELECT "schema_migrations"."version" FROM "schema_migrations" ORDER BY "schema_migrations"."version" ASC[0m
Processing by Rails::WelcomeController#index as HTML
  Rendering /home/carl/.rbenv/versions/3.1.2/lib/ruby/gems/3.1.0/gems/railties-7.0.4/lib/rails/templates/rails/welcome/index.html.erb
  Rendered /home/carl/.rbenv/versions/3.1.2/lib/ruby/gems/3.1.0/gems/railties-7.0.4/lib/rails/templates/rails/welcome/index.html.erb (Duration: 4.3ms | Allocations: 586)
Completed 200 OK in 34ms (Views: 16.2ms | ActiveRecord: 0.0ms | Allocations: 4515)


Started POST "/html_content" for 127.0.0.1 at 2023-01-09 13:17:29 +0100
  [1m[36mActiveRecord::SchemaMigration Pluck (0.3ms)[0m  [1m[34mSELECT "schema_migrations"."version" FROM "schema_migrations" ORDER BY "schema_migrations"."version" ASC[0m
  [1m[36mCACHE ActiveRecord::SchemaMigration Pluck (0.0ms)[0m  [1m[34mSELECT "schema_migrations"."version" FROM "schema_migrations" ORDER BY "schema_migrations"."version" ASC[0m
  
ActiveRecord::PendingMigrationError (

Migrations are pending. To resolve this issue, run:

        bin/rails db:migrate RAILS_ENV=development

You have 1 pending migration:

20230109121503_create_htmls.rb


):
  
activerecord (7.0.4) lib/active_record/migration.rb:627:in `check_pending!'
activerecord (7.0.4) lib/active_record/migration.rb:592:in `block (2 levels) in call'
activesupport (7.0.4) lib/active_support/file_update_checker.rb:83:in `execute'
activesupport (7.0.4) lib/active_support/file_update_checker.rb:93:in `execute_if_updated'
activerecord (7.0.4) lib/active_record/migration.rb:599:in `block in call'
activerecord (7.0.4) lib/active_record/migration.rb:589:in `synchronize'
activerecord (7.0.4) lib/active_record/migration.rb:589:in `call'
actionpack (7.0.4) lib/action_dispatch/middleware/callbacks.rb:27:in `block in call'
activesupport (7.0.4) lib/active_support/callbacks.rb:99:in `run_callbacks'
actionpack (7.0.4) lib/action_dispatch/middleware/callbacks.rb:26:in `call'
actionpack (7.0.4) lib/action_dispatch/middleware/executor.rb:14:in `call'
actionpack (7.0.4) lib/action_dispatch/middleware/actionable_exceptions.rb:17:in `call'
actionpack (7.0.4) lib/action_dispatch/middleware/debug_exceptions.rb:28:in `call'
actionpack (7.0.4) lib/action_dispatch/middleware/show_exceptions.rb:26:in `call'
railties (7.0.4) lib/rails/rack/logger.rb:40:in `call_app'
railties (7.0.4) lib/rails/rack/logger.rb:25:in `block in call'
activesupport (7.0.4) lib/active_support/tagged_logging.rb:99:in `block in tagged'
activesupport (7.0.4) lib/active_support/tagged_logging.rb:37:in `tagged'
activesupport (7.0.4) lib/active_support/tagged_logging.rb:99:in `tagged'
railties (7.0.4) lib/rails/rack/logger.rb:25:in `call'
actionpack (7.0.4) lib/action_dispatch/middleware/remote_ip.rb:93:in `call'
actionpack (7.0.4) lib/action_dispatch/middleware/request_id.rb:26:in `call'
rack (2.2.5) lib/rack/runtime.rb:22:in `call'
activesupport (7.0.4) lib/active_support/cache/strategy/local_cache_middleware.rb:29:in `call'
actionpack (7.0.4) lib/action_dispatch/middleware/server_timing.rb:61:in `block in call'
actionpack (7.0.4) lib/action_dispatch/middleware/server_timing.rb:26:in `collect_events'
actionpack (7.0.4) lib/action_dispatch/middleware/server_timing.rb:60:in `call'
actionpack (7.0.4) lib/action_dispatch/middleware/executor.rb:14:in `call'
actionpack (7.0.4) lib/action_dispatch/middleware/static.rb:23:in `call'
rack (2.2.5) lib/rack/sendfile.rb:110:in `call'
actionpack (7.0.4) lib/action_dispatch/middleware/host_authorization.rb:137:in `call'
railties (7.0.4) lib/rails/engine.rb:530:in `call'
puma (5.6.5) lib/puma/configuration.rb:252:in `call'
puma (5.6.5) lib/puma/request.rb:77:in `block in handle_request'
puma (5.6.5) lib/puma/thread_pool.rb:340:in `with_force_shutdown'
puma (5.6.5) lib/puma/request.rb:76:in `handle_request'
puma (5.6.5) lib/puma/server.rb:443:in `process_client'
puma (5.6.5) lib/puma/thread_pool.rb:147:in `block in spawn_thread'
Started GET "/" for 127.0.0.1 at 2023-01-09 13:17:39 +0100
  [1m[36mActiveRecord::SchemaMigration Pluck (0.1ms)[0m  [1m[34mSELECT "schema_migrations"."version" FROM "schema_migrations" ORDER BY "schema_migrations"."version" ASC[0m
  [1m[36mCACHE ActiveRecord::SchemaMigration Pluck (0.0ms)[0m  [1m[34mSELECT "schema_migrations"."version" FROM "schema_migrations" ORDER BY "schema_migrations"."version" ASC[0m
  
ActiveRecord::PendingMigrationError (

Migrations are pending. To resolve this issue, run:

        bin/rails db:migrate RAILS_ENV=development

You have 1 pending migration:

20230109121503_create_htmls.rb


):
  
activerecord (7.0.4) lib/active_record/migration.rb:627:in `check_pending!'
activerecord (7.0.4) lib/active_record/migration.rb:592:in `block (2 levels) in call'
activesupport (7.0.4) lib/active_support/file_update_checker.rb:83:in `execute'
activerecord (7.0.4) lib/active_record/migration.rb:597:in `block in call'
activerecord (7.0.4) lib/active_record/migration.rb:589:in `synchronize'
activerecord (7.0.4) lib/active_record/migration.rb:589:in `call'
actionpack (7.0.4) lib/action_dispatch/middleware/callbacks.rb:27:in `block in call'
activesupport (7.0.4) lib/active_support/callbacks.rb:99:in `run_callbacks'
actionpack (7.0.4) lib/action_dispatch/middleware/callbacks.rb:26:in `call'
actionpack (7.0.4) lib/action_dispatch/middleware/executor.rb:14:in `call'
actionpack (7.0.4) lib/action_dispatch/middleware/actionable_exceptions.rb:17:in `call'
actionpack (7.0.4) lib/action_dispatch/middleware/debug_exceptions.rb:28:in `call'
actionpack (7.0.4) lib/action_dispatch/middleware/show_exceptions.rb:26:in `call'
railties (7.0.4) lib/rails/rack/logger.rb:40:in `call_app'
railties (7.0.4) lib/rails/rack/logger.rb:25:in `block in call'
activesupport (7.0.4) lib/active_support/tagged_logging.rb:99:in `block in tagged'
activesupport (7.0.4) lib/active_support/tagged_logging.rb:37:in `tagged'
activesupport (7.0.4) lib/active_support/tagged_logging.rb:99:in `tagged'
railties (7.0.4) lib/rails/rack/logger.rb:25:in `call'
actionpack (7.0.4) lib/action_dispatch/middleware/remote_ip.rb:93:in `call'
actionpack (7.0.4) lib/action_dispatch/middleware/request_id.rb:26:in `call'
rack (2.2.5) lib/rack/runtime.rb:22:in `call'
activesupport (7.0.4) lib/active_support/cache/strategy/local_cache_middleware.rb:29:in `call'
actionpack (7.0.4) lib/action_dispatch/middleware/server_timing.rb:61:in `block in call'
actionpack (7.0.4) lib/action_dispatch/middleware/server_timing.rb:26:in `collect_events'
actionpack (7.0.4) lib/action_dispatch/middleware/server_timing.rb:60:in `call'
actionpack (7.0.4) lib/action_dispatch/middleware/executor.rb:14:in `call'
actionpack (7.0.4) lib/action_dispatch/middleware/static.rb:23:in `call'
rack (2.2.5) lib/rack/sendfile.rb:110:in `call'
actionpack (7.0.4) lib/action_dispatch/middleware/host_authorization.rb:137:in `call'
railties (7.0.4) lib/rails/engine.rb:530:in `call'
puma (5.6.5) lib/puma/configuration.rb:252:in `call'
puma (5.6.5) lib/puma/request.rb:77:in `block in handle_request'
puma (5.6.5) lib/puma/thread_pool.rb:340:in `with_force_shutdown'
puma (5.6.5) lib/puma/request.rb:76:in `handle_request'
puma (5.6.5) lib/puma/server.rb:443:in `process_client'
puma (5.6.5) lib/puma/thread_pool.rb:147:in `block in spawn_thread'
Started POST "/rails/actions" for 127.0.0.1 at 2023-01-09 13:17:41 +0100
  [1m[36mActiveRecord::SchemaMigration Pluck (0.1ms)[0m  [1m[34mSELECT "schema_migrations"."version" FROM "schema_migrations" ORDER BY "schema_migrations"."version" ASC[0m
Migrating to CreateHtmls (20230109121503)
  [1m[36mTRANSACTION (0.2ms)[0m  [1m[36mbegin transaction[0m
  [1m[35m (0.8ms)[0m  [1m[35mCREATE TABLE "htmls" ("id" integer PRIMARY KEY AUTOINCREMENT NOT NULL, "created_at" datetime(6) NOT NULL, "updated_at" datetime(6) NOT NULL)[0m
  [1m[36mActiveRecord::SchemaMigration Create (0.2ms)[0m  [1m[32mINSERT INTO "schema_migrations" ("version") VALUES (?)[0m  [["version", "20230109121503"]]
  [1m[36mTRANSACTION (17.1ms)[0m  [1m[36mcommit transaction[0m
  [1m[36mActiveRecord::InternalMetadata Load (0.2ms)[0m  [1m[34mSELECT "ar_internal_metadata".* FROM "ar_internal_metadata" WHERE "ar_internal_metadata"."key" = ? LIMIT ?[0m  [["key", "environment"], ["LIMIT", 1]]
  [1m[36mActiveRecord::SchemaMigration Pluck (0.1ms)[0m  [1m[34mSELECT "schema_migrations"."version" FROM "schema_migrations" ORDER BY "schema_migrations"."version" ASC[0m
Started GET "/" for 127.0.0.1 at 2023-01-09 13:17:41 +0100
  [1m[36mActiveRecord::SchemaMigration Pluck (0.1ms)[0m  [1m[34mSELECT "schema_migrations"."version" FROM "schema_migrations" ORDER BY "schema_migrations"."version" ASC[0m
Processing by Rails::WelcomeController#index as HTML
  Rendering /home/carl/.rbenv/versions/3.1.2/lib/ruby/gems/3.1.0/gems/railties-7.0.4/lib/rails/templates/rails/welcome/index.html.erb
  Rendered /home/carl/.rbenv/versions/3.1.2/lib/ruby/gems/3.1.0/gems/railties-7.0.4/lib/rails/templates/rails/welcome/index.html.erb (Duration: 1.3ms | Allocations: 284)
Completed 200 OK in 3ms (Views: 2.2ms | ActiveRecord: 0.0ms | Allocations: 894)


Started POST "/html_content" for 127.0.0.1 at 2023-01-09 13:17:46 +0100
Processing by HtmlsController#create as */*
Completed 200 OK in 0ms (Views: 0.1ms | ActiveRecord: 0.0ms | Allocations: 303)


Started POST "/html_content" for 127.0.0.1 at 2023-01-09 13:17:50 +0100
Processing by HtmlsController#create as */*
Completed 200 OK in 0ms (Views: 0.1ms | ActiveRecord: 0.0ms | Allocations: 96)


Started POST "/html_content" for 127.0.0.1 at 2023-01-09 13:18:49 +0100
Processing by HtmlsController#create as */*
Completed 200 OK in 0ms (Views: 0.1ms | ActiveRecord: 0.0ms | Allocations: 98)


Started POST "/html_content" for 127.0.0.1 at 2023-01-09 13:18:51 +0100
Processing by HtmlsController#create as */*
Completed 200 OK in 0ms (Views: 0.1ms | ActiveRecord: 0.0ms | Allocations: 97)


Started POST "/html_content" for 127.0.0.1 at 2023-01-09 13:18:53 +0100
Processing by HtmlsController#create as */*
Completed 200 OK in 0ms (Views: 0.1ms | ActiveRecord: 0.0ms | Allocations: 96)


Started POST "/html_content" for 127.0.0.1 at 2023-01-09 13:20:04 +0100
Processing by HtmlsController#create as */*
Completed 200 OK in 0ms (Views: 0.1ms | Allocations: 254)


Started POST "/html_content" for 127.0.0.1 at 2023-01-09 13:24:50 +0100
Processing by HtmlsController#create as */*
Completed 500 Internal Server Error in 1ms (Allocations: 1510)


  
NoMethodError (undefined method `valid_encoding?' for nil:NilClass

      if str.valid_encoding?
            ^^^^^^^^^^^^^^^^):
  
app/controllers/htmls_controller.rb:11:in `new'
app/controllers/htmls_controller.rb:11:in `create'
Started POST "/html_content" for 127.0.0.1 at 2023-01-09 13:25:16 +0100
Processing by HtmlsController#create as */*
Completed 200 OK in 0ms (Views: 0.1ms | Allocations: 248)


Started POST "/html_content" for 127.0.0.1 at 2023-01-09 13:25:52 +0100
Processing by HtmlsController#create as */*
Completed 200 OK in 0ms (Views: 0.1ms | Allocations: 250)


Started POST "/html_content" for 127.0.0.1 at 2023-01-09 13:26:23 +0100
Processing by HtmlsController#create as */*
Completed 200 OK in 0ms (Views: 0.2ms | Allocations: 250)


Started POST "/html_content" for 127.0.0.1 at 2023-01-09 13:26:31 +0100
Processing by HtmlsController#create as */*
Completed 200 OK in 0ms (Views: 0.1ms | Allocations: 249)


Started POST "/html_content" for 127.0.0.1 at 2023-01-09 13:26:52 +0100
Processing by HtmlsController#create as */*
Completed 200 OK in 0ms (Views: 0.1ms | Allocations: 251)


Started POST "/html_content" for 127.0.0.1 at 2023-01-09 13:27:19 +0100
Processing by HtmlsController#create as */*
Completed 200 OK in 0ms (Views: 0.1ms | Allocations: 250)


Started POST "/html_content" for 127.0.0.1 at 2023-01-09 13:29:25 +0100
Processing by HtmlsController#create as */*
Completed 200 OK in 1ms (Views: 0.1ms | Allocations: 665)


Started POST "/html_content" for 127.0.0.1 at 2023-01-09 13:37:51 +0100
Error occurred while parsing request parameters.
Contents:

{'page': {'html':'<!DOCTYPE html>
<html>
<head>
<title>Page Title</title>
</head>
<body>

<h1>This is a Heading</h1>
<p>This is a paragraph.</p>

</body>
</html>'}}
Processing by HtmlsController#create as */*
Completed 400 Bad Request in 1ms (Allocations: 157)


  
ActionDispatch::Http::Parameters::ParseError (Error occurred while parsing request parameters):
  
app/controllers/htmls_controller.rb:6:in `create'
Started POST "/html_content" for 127.0.0.1 at 2023-01-09 13:38:44 +0100
Error occurred while parsing request parameters.
Contents:

<!DOCTYPE html>
<html>
<head>
<title>Page Title</title>
</head>
<body>

<h1>This is a Heading</h1>
<p>This is a paragraph.</p>

</body>
</html>
Processing by HtmlsController#create as */*
Completed 400 Bad Request in 1ms (Allocations: 110)


  
ActionDispatch::Http::Parameters::ParseError (Error occurred while parsing request parameters):
  
app/controllers/htmls_controller.rb:6:in `create'
Started POST "/html_content" for 127.0.0.1 at 2023-01-09 13:39:34 +0100
Processing by HtmlsController#create as */*
Completed 200 OK in 2ms (Views: 0.3ms | Allocations: 957)


Started POST "/html_content" for 127.0.0.1 at 2023-01-09 13:39:39 +0100
Processing by HtmlsController#create as */*
Completed 200 OK in 1ms (Views: 0.2ms | Allocations: 898)


Started POST "/html_content" for 127.0.0.1 at 2023-01-09 13:39:59 +0100
Processing by HtmlsController#create as */*
Completed 200 OK in 1ms (Views: 0.2ms | Allocations: 319)


Started POST "/html_content" for 127.0.0.1 at 2023-01-09 13:42:31 +0100
Processing by HtmlsController#create as */*
Completed 200 OK in 1ms (Views: 0.1ms | Allocations: 307)


Started POST "/html_content" for 127.0.0.1 at 2023-01-09 13:43:22 +0100
Processing by HtmlsController#create as */*
Completed 200 OK in 0ms (Views: 0.1ms | Allocations: 151)


Started POST "/html_content" for 127.0.0.1 at 2023-01-09 13:43:46 +0100
Processing by HtmlsController#create as */*
Completed 200 OK in 1ms (Views: 0.1ms | Allocations: 310)


Started POST "/html_content" for 127.0.0.1 at 2023-01-09 13:44:05 +0100
Processing by HtmlsController#create as */*
Completed 200 OK in 0ms (Views: 0.1ms | Allocations: 310)


Started POST "/html_content" for 127.0.0.1 at 2023-01-09 13:44:09 +0100
Processing by HtmlsController#create as */*
Completed 200 OK in 1ms (Views: 0.3ms | Allocations: 153)


Started POST "/html_content" for 127.0.0.1 at 2023-01-09 13:44:26 +0100
Processing by HtmlsController#create as */*
Completed 200 OK in 0ms (Views: 0.1ms | Allocations: 308)


Started POST "/html_content" for 127.0.0.1 at 2023-01-09 13:44:45 +0100
Processing by HtmlsController#create as */*
Completed 200 OK in 0ms (Views: 0.1ms | Allocations: 154)


Started POST "/html_content" for 127.0.0.1 at 2023-01-09 13:47:35 +0100
Processing by HtmlsController#create as */*
Completed 200 OK in 1ms (Views: 0.2ms | Allocations: 152)


Started POST "/html_content" for 127.0.0.1 at 2023-01-09 15:15:49 +0100
Processing by HtmlsController#create as */*
Completed 200 OK in 1ms (Views: 0.3ms | Allocations: 152)


Started POST "/html_content" for 127.0.0.1 at 2023-01-09 15:16:09 +0100
Processing by HtmlsController#create as */*
Completed 200 OK in 1ms (Views: 0.3ms | Allocations: 152)


Started POST "/html_content" for 127.0.0.1 at 2023-01-09 15:17:16 +0100
Error occurred while parsing request parameters.
Contents:

<!DOCTYPE html>
<html>
<head>
<title>Page Title</title>
</head>
<body>

<h1>This is a Heading</h1>
<p>This is a paragraph.</p>

</body>
</html>
Processing by HtmlsController#create as */*
Completed 400 Bad Request in 1ms (Allocations: 149)


  
ActionDispatch::Http::Parameters::ParseError (Error occurred while parsing request parameters):
  
app/controllers/htmls_controller.rb:6:in `create'
Started POST "/html_content" for 127.0.0.1 at 2023-01-09 15:17:40 +0100
Processing by HtmlsController#create as */*
Completed 200 OK in 1ms (Views: 0.1ms | Allocations: 195)


Started POST "/html_content" for 127.0.0.1 at 2023-01-09 15:19:06 +0100
Processing by HtmlsController#create as */*
Completed 200 OK in 1ms (Views: 0.3ms | Allocations: 310)


Started POST "/html_content" for 127.0.0.1 at 2023-01-09 15:19:27 +0100
Processing by HtmlsController#create as */*
Completed 200 OK in 0ms (Views: 0.1ms | Allocations: 314)


Started POST "/html_content" for 127.0.0.1 at 2023-01-09 15:21:29 +0100
Processing by HtmlsController#create as */*
Completed 200 OK in 1ms (Views: 0.2ms | Allocations: 476)


Started POST "/html_content" for 127.0.0.1 at 2023-01-09 15:21:58 +0100
Processing by HtmlsController#create as */*
Completed 200 OK in 1ms (Views: 0.1ms | Allocations: 1160)


Started POST "/html_content" for 127.0.0.1 at 2023-01-09 15:22:06 +0100
Processing by HtmlsController#create as */*
Completed 200 OK in 1ms (Views: 0.2ms | Allocations: 990)


Started POST "/html_content" for 127.0.0.1 at 2023-01-09 15:22:27 +0100
Processing by HtmlsController#create as */*
Completed 200 OK in 0ms (Views: 0.1ms | Allocations: 315)


Started POST "/html_content" for 127.0.0.1 at 2023-01-09 15:22:45 +0100
Processing by HtmlsController#create as */*
Completed 200 OK in 0ms (Views: 0.1ms | Allocations: 318)


Started POST "/html_content" for 127.0.0.1 at 2023-01-09 15:23:21 +0100
Processing by HtmlsController#create as */*
Completed 200 OK in 0ms (Views: 0.2ms | Allocations: 310)


Started POST "/html_content" for 127.0.0.1 at 2023-01-09 15:23:31 +0100
Processing by HtmlsController#create as */*
Completed 200 OK in 0ms (Views: 0.1ms | Allocations: 309)


Started POST "/html_content" for 127.0.0.1 at 2023-01-09 15:23:42 +0100
Processing by HtmlsController#create as */*
Completed 200 OK in 1ms (Views: 0.2ms | Allocations: 1071)


Started POST "/html_content" for 127.0.0.1 at 2023-01-09 15:24:08 +0100
Processing by HtmlsController#create as */*
Completed 500 Internal Server Error in 5ms (Allocations: 3096)


  
NameError (undefined local variable or method `y' for #<HtmlsController:0x0000000005cdc8>

    puts "thisi is x: " + y
                          ^):
  
app/controllers/htmls_controller.rb:9:in `create'
Started POST "/html_content" for 127.0.0.1 at 2023-01-09 15:24:24 +0100
Processing by HtmlsController#create as */*
Completed 200 OK in 1ms (Views: 0.1ms | Allocations: 1064)


Started POST "/html_content" for 127.0.0.1 at 2023-01-09 15:24:53 +0100
Processing by HtmlsController#create as */*
Completed 200 OK in 1ms (Views: 0.2ms | Allocations: 1065)


Started POST "/html_content" for 127.0.0.1 at 2023-01-09 15:25:02 +0100
Processing by HtmlsController#create as */*
Completed 200 OK in 1ms (Views: 0.2ms | Allocations: 297)


Started POST "/html_content" for 127.0.0.1 at 2023-01-09 16:55:35 +0100
Processing by HtmlsController#create as */*
Completed 200 OK in 1ms (Views: 0.2ms | Allocations: 281)


Started POST "/html_content" for 127.0.0.1 at 2023-01-09 16:55:43 +0100
Processing by HtmlsController#create as */*
Completed 200 OK in 2ms (Views: 0.3ms | Allocations: 658)


Started POST "/html_content" for 127.0.0.1 at 2023-01-09 16:55:56 +0100
Processing by HtmlsController#create as */*
Completed 200 OK in 3ms (Views: 0.3ms | Allocations: 3347)


Started POST "/html_content" for 127.0.0.1 at 2023-01-09 16:56:04 +0100
Processing by HtmlsController#create as */*
Completed 200 OK in 3ms (Views: 0.3ms | Allocations: 3337)


Started POST "/html_content" for 127.0.0.1 at 2023-01-09 17:04:21 +0100
  [1m[36mActiveRecord::SchemaMigration Pluck (0.1ms)[0m  [1m[34mSELECT "schema_migrations"."version" FROM "schema_migrations" ORDER BY "schema_migrations"."version" ASC[0m
Processing by HtmlsController#create as */*
Completed 200 OK in 1ms (Views: 0.1ms | ActiveRecord: 0.0ms | Allocations: 881)


